<?xml version="1.0" encoding="UTF-8"?>
<persistence version="2.0"
             xmlns="http://java.sun.com/xml/ns/persistence" xmlns:xsi="http://www.w3.org/2001/XMLSchema-instance"
             xsi:schemaLocation="
        http://java.sun.com/xml/ns/persistence
        http://java.sun.com/xml/ns/persistence/persistence_2_0.xsd">

    <persistence-unit name="ArquillianPU" transaction-type="JTA">
        <jta-data-source>jdbc/arq</jta-data-source>
        <properties>
            <property name="eclipselink.target-database" value="MySQL"/>
            <property name="eclipselink.ddl-generation" value="drop-and-create-tables"/>
            <property name="eclipselink.logging.level.sql" value="FINEST"/>
            <property name="eclipselink.logging.parameters" value="true"/>
        </properties>
    </persistence-unit>
</persistence>